<?xml version="1.0" encoding="UTF-8"?>
<!-- Generated by org.testng.reporters.JUnitXMLReporter -->
<testsuite ignored="0" hostname="NareshPc" failures="0" tests="3" name="Default test" time="31.216" errors="0" timestamp="2020-11-09T16:49:12 IST">
  <testcase classname="com.cognizant.script.SpicejetScript" name="Invoke" time="5.673"/>
  <testcase classname="com.cognizant.script.SpicejetScript" name="EnteringDetails" time="24.02"/>
  <testcase classname="com.cognizant.script.SpicejetScript" name="FirstFlight" time="1.457"/>
</testsuite> <!-- Default test -->
