<?xml version="1.0" encoding="UTF-8"?>
<testng-results ignored="0" total="3" passed="3" failed="0" skipped="0">
  <reporter-output>
  </reporter-output>
  <suite started-at="2020-11-09T16:48:40 IST" name="Default suite" finished-at="2020-11-09T16:49:12 IST" duration-ms="31216">
    <groups>
    </groups>
    <test started-at="2020-11-09T16:48:40 IST" name="Default test" finished-at="2020-11-09T16:49:12 IST" duration-ms="31216">
      <class name="com.cognizant.script.SpicejetScript">
        <test-method is-config="true" signature="beforeTest()[pri:0, instance:com.cognizant.script.SpicejetScript@40cb8df7]" started-at="2020-11-09T16:48:36 IST" name="beforeTest" finished-at="2020-11-09T16:48:40 IST" duration-ms="4320" status="PASS">
          <reporter-output>
          </reporter-output>
        </test-method> <!-- beforeTest -->
        <test-method signature="Invoke()[pri:0, instance:com.cognizant.script.SpicejetScript@40cb8df7]" started-at="2020-11-09T16:48:40 IST" name="Invoke" finished-at="2020-11-09T16:48:46 IST" duration-ms="5673" status="PASS">
          <reporter-output>
          </reporter-output>
        </test-method> <!-- Invoke -->
        <test-method signature="EnteringDetails()[pri:1, instance:com.cognizant.script.SpicejetScript@40cb8df7]" started-at="2020-11-09T16:48:46 IST" name="EnteringDetails" finished-at="2020-11-09T16:49:10 IST" duration-ms="24020" status="PASS">
          <reporter-output>
          </reporter-output>
        </test-method> <!-- EnteringDetails -->
        <test-method signature="FirstFlight()[pri:2, instance:com.cognizant.script.SpicejetScript@40cb8df7]" started-at="2020-11-09T16:49:10 IST" name="FirstFlight" finished-at="2020-11-09T16:49:12 IST" duration-ms="1457" status="PASS">
          <reporter-output>
          </reporter-output>
        </test-method> <!-- FirstFlight -->
        <test-method is-config="true" signature="afterTest()[pri:0, instance:com.cognizant.script.SpicejetScript@40cb8df7]" started-at="2020-11-09T16:49:12 IST" name="afterTest" finished-at="2020-11-09T16:49:16 IST" duration-ms="4293" status="PASS">
          <reporter-output>
          </reporter-output>
        </test-method> <!-- afterTest -->
      </class> <!-- com.cognizant.script.SpicejetScript -->
    </test> <!-- Default test -->
  </suite> <!-- Default suite -->
</testng-results>
